Using pre-set license

 COMMAND LINE ARGUMENTS:
/Applications/Unity/Hub/Editor/2020.3.3f1/Unity.app/Contents/MacOS/Unity
-adb2
-batchMode
-noUpm
-name
AssetImportWorker0
-projectPath
/Users/lukeyang1/Unnamed metroidvania
-logFile
Logs/AssetImportWorker0.log
-srvPort
50225
Successfully changed project path to: /Users/lukeyang1/Unnamed metroidvania
/Users/lukeyang1/Unnamed metroidvania
Using Asset Import Pipeline V2.
Refreshing native plugins compatible for Editor in 53.21 ms, found 2 plugins.
Preloading 0 native plugins for Editor in 0.00 ms.
Initialize engine version: 2020.3.3f1 (76626098c1c4)
[Subsystems] Discovering subsystems at path /Applications/Unity/Hub/Editor/2020.3.3f1/Unity.app/Contents/Resources/UnitySubsystems
[Subsystems] Discovering subsystems at path /Users/lukeyang1/Unnamed metroidvania/Assets
GfxDevice: creating device client; threaded=0
2024-03-24 08:22:34.689 Unity[15278:888759] Color LCD preferred device: Intel(R) Iris(TM) Plus Graphics (low power)
2024-03-24 08:22:34.689 Unity[15278:888759] Metal devices available: 1
2024-03-24 08:22:34.689 Unity[15278:888759] 0: Intel(R) Iris(TM) Plus Graphics (low power)
2024-03-24 08:22:34.689 Unity[15278:888759] Using device Intel(R) Iris(TM) Plus Graphics (low power)
Initializing Metal device caps: Intel(R) Iris(TM) Plus Graphics
Initialize mono
Mono path[0] = '/Applications/Unity/Hub/Editor/2020.3.3f1/Unity.app/Contents/Managed'
Mono path[1] = '/Applications/Unity/Hub/Editor/2020.3.3f1/Unity.app/Contents/MonoBleedingEdge/lib/mono/unityjit'
Mono config path = '/Applications/Unity/Hub/Editor/2020.3.3f1/Unity.app/Contents/MonoBleedingEdge/etc'
Using monoOptions --debugger-agent=transport=dt_socket,embedding=1,server=y,suspend=n,address=127.0.0.1:56278
Begin MonoManager ReloadAssembly
Registering precompiled unity dll's ...
Register platform support module: /Applications/Unity/Hub/Editor/2020.3.3f1/Unity.app/Contents/PlaybackEngines/MacStandaloneSupport/UnityEditor.OSXStandalone.Extensions.dll
Registered in 0.002661 seconds.
Native extension for OSXStandalone target not found
Refreshing native plugins compatible for Editor in 51.22 ms, found 2 plugins.
Preloading 0 native plugins for Editor in 0.00 ms.
Invoked RoslynAnalysisRunner static constructor.
RoslynAnalysisRunner will not be running.
RoslynAnalysisRunner has terminated.
Mono: successfully reloaded assembly
- Completed reload, in  4.250 seconds
Platform modules already initialized, skipping
Registering precompiled user dll's ...
Registered in 0.001629 seconds.
Begin MonoManager ReloadAssembly
Native extension for OSXStandalone target not found
Refreshing native plugins compatible for Editor in 50.26 ms, found 2 plugins.
Preloading 0 native plugins for Editor in 0.00 ms.
Invoked RoslynAnalysisRunner static constructor.
RoslynAnalysisRunner will not be running.
RoslynAnalysisRunner has terminated.
Mono: successfully reloaded assembly
- Completed reload, in  1.334 seconds
Platform modules already initialized, skipping
========================================================================
Worker process is ready to serve import requests
Launching external process: /Applications/Unity/Hub/Editor/2020.3.3f1/Unity.app/Contents/Tools/UnityShaderCompiler
Launched and connected shader compiler UnityShaderCompiler after 0.02 seconds
Refreshing native plugins compatible for Editor in 0.41 ms, found 2 plugins.
Preloading 0 native plugins for Editor in 0.00 ms.
Unloading 1864 Unused Serialized files (Serialized files now loaded: 0)
System memory in use before: 155.0 MB.
System memory in use after: 154.9 MB.

Unloading 24 unused Assets to reduce memory usage. Loaded Objects now: 2309.
Total: 3.548459 ms (FindLiveObjects: 0.278323 ms CreateObjectMapping: 0.208026 ms MarkObjects: 2.835577 ms  DeleteObjects: 0.225482 ms)

========================================================================
Received Import Request.
  path: Assets/Scripts/DialogueController.cs
  artifactKey: Guid(1d9c02da6fbcf4b609c784d081959010) Importer(815301076,1909f56bfc062723c751e8b465ee728b)
Start importing Assets/Scripts/DialogueController.cs using Guid(1d9c02da6fbcf4b609c784d081959010) Importer(815301076,1909f56bfc062723c751e8b465ee728b)  -> (artifact id: 'a7466e122de766be85c2e847c839cdaf') in 2.669784 seconds
  Import took 2.676069 seconds .

AssetImportWorkerClient::OnTransportError - code=2 error=End of file
